<?xml version="1.0" encoding="UTF-8"?>
<!-- Generated by org.testng.reporters.JUnitXMLReporter -->
<testsuite ignored="0" hostname="LAPTOP-T4D79118" failures="0" tests="4" name="Default test" time="0.05" errors="0" timestamp="2022-03-18T12:07:24 IST">
  <testcase classname="loanApplication.AnnotationsTestNG" name="CarLoanAPILogin" time="0.006"/>
  <testcase classname="loanApplication.AnnotationsTestNG" name="CarLoanMobileLogin" time="0.001"/>
  <testcase classname="loanApplication.AnnotationsTestNG" name="CarLoanWebLogin" time="0.001"/>
  <testcase classname="loanApplication.AnnotationsTestNG" name="CarLoanWebSignOut" time="0.001"/>
</testsuite> <!-- Default test -->
