<?xml version="1.0" encoding="UTF-8"?>
<!-- Generated by org.testng.reporters.JUnitXMLReporter -->
<testsuite ignored="0" hostname="LAPTOP-T4D79118" failures="0" tests="5" name="Data Provider_Test" time="0.096" errors="0" timestamp="2022-03-21T16:45:39 IST">
  <testcase classname="loanApplication.Login_DataProvider" name="CarLoanAPILogin" time="0.01"/>
  <testcase classname="loanApplication.Login_DataProvider" name="CarLoanAPILogin" time="0.001"/>
  <testcase classname="loanApplication.Login_DataProvider" name="CarLoanAPILogin" time="0.001"/>
  <testcase classname="loanApplication.Login_DataProvider" name="CarLoanMobileLogin" time="0.002"/>
  <testcase classname="loanApplication.Login_DataProvider" name="CarLoanWebLogin" time="0.001"/>
</testsuite> <!-- Data Provider_Test -->
