<?xml version="1.0" encoding="UTF-8"?>
<!-- Generated by org.testng.reporters.JUnitXMLReporter -->
<testsuite ignored="0" hostname="LAPTOP-T4D79118" failures="0" tests="3" name="Parameterization Example" time="0.059" errors="0" timestamp="2022-03-21T15:55:12 IST">
  <testcase classname="loanApplication.Parameterization" name="PersonalLoanAPILogin" time="0.007"/>
  <testcase classname="loanApplication.Parameterization" name="PersonalLoanMobileLogin" time="0.002"/>
  <testcase classname="loanApplication.Parameterization" name="PersonalLoanWebLogin" time="0.003"/>
</testsuite> <!-- Parameterization Example -->
