<?xml version="1.0" encoding="UTF-8"?>
<!-- Generated by org.testng.reporters.JUnitXMLReporter -->
<testsuite ignored="1" hostname="LAPTOP-T4D79118" failures="0" tests="21" name="Test 2" time="0.093" errors="0" timestamp="2022-03-21T15:55:12 IST">
  <testcase classname="loanApplication.HomeLoan" name="HomeLoanAPILogin" time="0.001"/>
  <testcase classname="loanApplication.HomeLoan" name="HomeLoanMobileLogin" time="0.001"/>
  <testcase classname="loanApplication.HomeLoan" name="HomeLoanWebLogin" time="0.001"/>
  <testcase classname="loanApplication.Groups" name="CarLoanDetails" time="0.002"/>
  <testcase classname="loanApplication.Groups" name="CarLoanLogOut" time="0.002"/>
  <testcase classname="loanApplication.Groups" name="CarLoanMobileLogin" time="0.007"/>
  <testcase classname="loanApplication.Groups" name="CarLoanWebLogin" time="0.001"/>
  <testcase classname="loanApplication.Groups" name="CarLoanVerifySignIn" time="0.001"/>
  <testcase classname="loanApplication.Parameterization" name="PersonalLoanAPILogin" time="0.001"/>
  <testcase classname="loanApplication.Parameterization" name="PersonalLoanMobileLogin" time="0.002"/>
  <testcase classname="loanApplication.Parameterization" name="PersonalLoanWebLogin" time="0.002"/>
  <testcase classname="loanApplication.CarLoan" name="CarLoanAPILogin" time="0.001"/>
  <testcase classname="loanApplication.CarLoan" name="CarLoanMobileLogin" time="0.001"/>
  <testcase classname="loanApplication.CarLoan" name="CarLoanWebLogin" time="0.001"/>
  <testcase classname="loanApplication.AnnotationsTestNG" name="CarLoanAPILogin" time="0.001"/>
  <testcase classname="loanApplication.AnnotationsTestNG" name="CarLoanMobileLogin" time="0.002"/>
  <testcase classname="loanApplication.AnnotationsTestNG" name="CarLoanWebLogin" time="0.0"/>
  <testcase classname="loanApplication.AnnotationsTestNG" name="CarLoanWebSignOut" time="0.001"/>
  <testcase classname="loanApplication.PersonalLoan" name="PersonalLoanAPILogin" time="0.002"/>
  <testcase classname="loanApplication.PersonalLoan" name="PersonalLoanMobileLogin" time="0.001"/>
  <testcase classname="loanApplication.PersonalLoan" name="PersonalLoanWebLogin" time="0.0"/>
  <testcase classname="loanApplication.Groups" name="CarLoanAPILogin" time="0.0">
    <ignored/>
  </testcase> <!-- CarLoanAPILogin -->
</testsuite> <!-- Test 2 -->
