<?xml version="1.0" encoding="UTF-8"?>
<!-- Generated by org.testng.reporters.JUnitXMLReporter -->
<testsuite ignored="0" hostname="LAPTOP-T4D79118" failures="0" tests="3" name="Car Loan" time="0.01" errors="0" timestamp="2022-03-17T12:05:02 IST">
  <testcase classname="loanApplication.CarLoan" name="CarLoanAPILogin" time="0.001"/>
  <testcase classname="loanApplication.CarLoan" name="CarLoanMobileLogin" time="0.002"/>
  <testcase classname="loanApplication.CarLoan" name="CarLoanWebLogin" time="0.001"/>
</testsuite> <!-- Car Loan -->
