<?xml version="1.0" encoding="UTF-8"?>
<!-- Generated by org.testng.reporters.JUnitXMLReporter -->
<testsuite ignored="0" hostname="LAPTOP-T4D79118" failures="0" tests="3" name="Home Loan" time="0.055" errors="0" timestamp="2022-03-17T12:05:02 IST">
  <testcase classname="loanApplication.HomeLoan" name="HomeLoanAPILogin" time="0.009"/>
  <testcase classname="loanApplication.HomeLoan" name="HomeLoanMobileLogin" time="0.001"/>
  <testcase classname="loanApplication.HomeLoan" name="HomeLoanWebLogin" time="0.002"/>
</testsuite> <!-- Home Loan -->
