<?xml version="1.0" encoding="UTF-8"?>
<!-- Generated by org.testng.reporters.JUnitXMLReporter -->
<testsuite ignored="0" hostname="LAPTOP-T4D79118" failures="0" tests="3" name="Personal Loan" time="0.009" errors="0" timestamp="2022-03-17T12:05:02 IST">
  <testcase classname="loanApplication.PersonalLoan" name="PersonalLoanAPILogin" time="0.002"/>
  <testcase classname="loanApplication.PersonalLoan" name="PersonalLoanMobileLogin" time="0.001"/>
  <testcase classname="loanApplication.PersonalLoan" name="PersonalLoanWebLogin" time="0.001"/>
</testsuite> <!-- Personal Loan -->
