<?xml version="1.0" encoding="UTF-8"?>
<!-- Generated by org.testng.reporters.JUnitXMLReporter -->
<testsuite ignored="6" hostname="LAPTOP-T4D79118" failures="0" tests="3" name="Include and Exclude Tests" time="0.056" errors="0" timestamp="2022-03-18T17:55:46 IST">
  <testcase classname="loanApplication.CarLoan" name="CarLoanAPILogin" time="0.008"/>
  <testcase classname="loanApplication.PersonalLoan" name="PersonalLoanAPILogin" time="0.002"/>
  <testcase classname="loanApplication.PersonalLoan" name="PersonalLoanWebLogin" time="0.001"/>
  <testcase classname="loanApplication.CarLoan" name="CarLoanWebLogin" time="0.0">
    <ignored/>
  </testcase> <!-- CarLoanWebLogin -->
  <testcase classname="loanApplication.CarLoan" name="CarLoanMobileLogin" time="0.0">
    <ignored/>
  </testcase> <!-- CarLoanMobileLogin -->
  <testcase classname="loanApplication.HomeLoan" name="HomeLoanMobileLogin" time="0.0">
    <ignored/>
  </testcase> <!-- HomeLoanMobileLogin -->
  <testcase classname="loanApplication.PersonalLoan" name="PersonalLoanMobileLogin" time="0.0">
    <ignored/>
  </testcase> <!-- PersonalLoanMobileLogin -->
  <testcase classname="loanApplication.HomeLoan" name="HomeLoanWebLogin" time="0.0">
    <ignored/>
  </testcase> <!-- HomeLoanWebLogin -->
  <testcase classname="loanApplication.HomeLoan" name="HomeLoanAPILogin" time="0.0">
    <ignored/>
  </testcase> <!-- HomeLoanAPILogin -->
</testsuite> <!-- Include and Exclude Tests -->
