<?xml version="1.0" encoding="UTF-8"?>
<!-- Generated by org.testng.reporters.JUnitXMLReporter -->
<testsuite ignored="0" hostname="LAPTOP-T4D79118" failures="0" tests="4" name="Annotations" time="0.059" errors="0" timestamp="2022-03-18T16:29:32 IST">
  <testcase classname="loanApplication.AnnotationsTestNG" name="CarLoanAPILogin" time="0.006"/>
  <testcase classname="loanApplication.AnnotationsTestNG" name="CarLoanMobileLogin" time="0.001"/>
  <testcase classname="loanApplication.AnnotationsTestNG" name="CarLoanWebLogin" time="0.001"/>
  <testcase classname="loanApplication.AnnotationsTestNG" name="CarLoanWebSignOut" time="0.002"/>
</testsuite> <!-- Annotations -->
